<?xml version="1.0" encoding="UTF-8"?>
<!-- Generated by org.testng.reporters.JUnitReportReporter -->
<testsuite hostname="VIVEK" failures="0" tests="1" name="qsp.Practice" time="21.102" errors="0" timestamp="2022-04-22T08:05:32 IST" skipped="0">
  <testcase classname="qsp.Practice" name="customerModule" time="21.102"/>
  <system-out>
    <![CDATA[Create customer]]>
  </system-out>
</testsuite> <!-- qsp.Practice -->
