<?xml version="1.0" encoding="UTF-8"?>
<!-- Generated by org.testng.reporters.JUnitReportReporter -->
<testsuite hostname="VIVEK" failures="0" tests="3" name="com.actitime.testscripts.GrpExeProjectModule" time="0.009" errors="0" timestamp="2022-04-15T22:08:46 IST" skipped="0">
  <testcase classname="com.actitime.testscripts.GrpExeProjectModule" name="modifyProject" time="0.003"/>
  <system-out>
    <![CDATA[modifyProject]]>
  </system-out>
  <testcase classname="com.actitime.testscripts.GrpExeProjectModule" name="createProject" time="0.003"/>
  <system-out>
    <![CDATA[CreateProject]]>
  </system-out>
  <testcase classname="com.actitime.testscripts.GrpExeProjectModule" name="deleteProject" time="0.003"/>
  <system-out>
    <![CDATA[deleteProject]]>
  </system-out>
</testsuite> <!-- com.actitime.testscripts.GrpExeProjectModule -->
