<?xml version="1.0" encoding="UTF-8"?>
<!-- Generated by org.testng.reporters.JUnitReportReporter -->
<testsuite hostname="VIVEK" failures="0" tests="1" name="com.actitime.testscripts.CustomerModule3" time="23.359" errors="0" timestamp="2022-05-12T19:25:52 IST" skipped="0">
  <testcase classname="com.actitime.testscripts.CustomerModule3" name="createCustomer" time="23.359"/>
  <system-out>
    <![CDATA[Create Customer]]>
  </system-out>
</testsuite> <!-- com.actitime.testscripts.CustomerModule3 -->
