<?xml version="1.0" encoding="UTF-8"?>
<!-- Generated by org.testng.reporters.JUnitReportReporter -->
<testsuite hostname="VIVEK" failures="0" tests="3" name="com.actitime.testscripts.CustomerModule" time="0.007" errors="0" timestamp="2022-05-12T19:25:52 IST" skipped="0">
  <testcase classname="com.actitime.testscripts.CustomerModule" name="createCustomer" time="0.002"/>
  <system-out>
    <![CDATA[CreateCustomer]]>
  </system-out>
  <testcase classname="com.actitime.testscripts.CustomerModule" name="modifyCustomer" time="0.002"/>
  <system-out>
    <![CDATA[modifyCustomer]]>
  </system-out>
  <testcase classname="com.actitime.testscripts.CustomerModule" name="deleteCustomer" time="0.003"/>
  <system-out>
    <![CDATA[deleteCustomer]]>
  </system-out>
</testsuite> <!-- com.actitime.testscripts.CustomerModule -->
