<?xml version="1.0" encoding="UTF-8"?>
<!-- Generated by org.testng.reporters.JUnitReportReporter -->
<testsuite hostname="VIVEK" failures="0" tests="1" name="com.actitime.testscripts.Demo" time="0.019" errors="0" timestamp="2022-05-12T19:29:03 IST" skipped="0">
  <testcase classname="com.actitime.testscripts.Demo" name="testDemo" time="0.019"/>
  <system-out>
    <![CDATA[bye
hi
Hello]]>
  </system-out>
</testsuite> <!-- com.actitime.testscripts.Demo -->
