<?xml version="1.0" encoding="UTF-8"?>
<!-- Generated by org.testng.reporters.JUnitReportReporter -->
<testsuite hostname="VIVEK" failures="0" tests="2" name="com.actitime.testscripts.AnnotationCustomerModule" time="0.012" errors="0" timestamp="2022-05-12T19:14:10 IST" skipped="0">
  <testcase classname="com.actitime.testscripts.AnnotationCustomerModule" name="createCustomer" time="0.007"/>
  <system-out>
    <![CDATA[Create Customer]]>
  </system-out>
  <testcase classname="com.actitime.testscripts.AnnotationCustomerModule" name="deleteCustomer" time="0.005"/>
  <system-out>
    <![CDATA[Delete Customer]]>
  </system-out>
</testsuite> <!-- com.actitime.testscripts.AnnotationCustomerModule -->
