<?xml version="1.0" encoding="UTF-8"?>
<!-- Generated by org.testng.reporters.JUnitReportReporter -->
<testsuite hostname="VIVEK" failures="0" tests="1" name="com.actitme.pom.ValidLoginPom" time="16.631" errors="0" timestamp="2022-04-21T14:59:50 IST" skipped="0">
  <testcase classname="com.actitme.pom.ValidLoginPom" name="testValidLoginPom" time="16.631"/>
  <system-out/>
</testsuite> <!-- com.actitme.pom.ValidLoginPom -->
