<?xml version="1.0" encoding="UTF-8"?>
<!-- Generated by org.testng.reporters.JUnitReportReporter -->
<testsuite hostname="VIVEK" failures="0" tests="1" name="com.actitime.testscripts.VerifyTitle" time="7.033" errors="0" timestamp="2022-04-15T17:23:42 IST" skipped="0">
  <testcase classname="com.actitime.testscripts.VerifyTitle" name="testVerifyTitle" time="7.033"/>
  <system-out>
    <![CDATA[Title is not matching and fail]]>
  </system-out>
</testsuite> <!-- com.actitime.testscripts.VerifyTitle -->
