<?xml version="1.0" encoding="UTF-8"?>
<!-- Generated by org.testng.reporters.JUnitReportReporter -->
<testsuite hostname="VIVEK" failures="0" tests="3" name="com.actitime.testscripts.ProjectModule" time="0.003" errors="0" timestamp="2022-04-15T16:41:21 IST" skipped="0">
  <testcase classname="com.actitime.testscripts.ProjectModule" name="createProject" time="0.001"/>
  <system-out>
    <![CDATA[CreateProject]]>
  </system-out>
  <testcase classname="com.actitime.testscripts.ProjectModule" name="modifyProject" time="0.001"/>
  <system-out>
    <![CDATA[modifyProject]]>
  </system-out>
  <testcase classname="com.actitime.testscripts.ProjectModule" name="deleteProject" time="0.001"/>
  <system-out>
    <![CDATA[deleteProject]]>
  </system-out>
</testsuite> <!-- com.actitime.testscripts.ProjectModule -->
