<?xml version="1.0" encoding="UTF-8"?>
<!-- Generated by org.testng.reporters.JUnitReportReporter -->
<testsuite hostname="VIVEK" failures="0" tests="4" name="com.actitime.testscripts.AnnotationCustomerModule1" time="0.017" errors="0" timestamp="2022-05-12T19:16:06 IST" skipped="0">
  <testcase classname="com.actitime.testscripts.AnnotationCustomerModule1" name="registerCustomer" time="0.003"/>
  <system-out>
    <![CDATA[Register Customer]]>
  </system-out>
  <testcase classname="com.actitime.testscripts.AnnotationCustomerModule1" name="deleteCustomer" time="0.008"/>
  <system-out>
    <![CDATA[Delete Customer]]>
  </system-out>
  <testcase classname="com.actitime.testscripts.AnnotationCustomerModule1" name="editCustomer" time="0.002"/>
  <system-out>
    <![CDATA[Edit Customer]]>
  </system-out>
  <testcase classname="com.actitime.testscripts.AnnotationCustomerModule1" name="editCustomer" time="0.004"/>
  <system-out>
    <![CDATA[Edit Customer]]>
  </system-out>
</testsuite> <!-- com.actitime.testscripts.AnnotationCustomerModule1 -->
