<?xml version="1.0" encoding="UTF-8"?>
<!-- Generated by org.testng.reporters.JUnitReportReporter -->
<testsuite hostname="VIVEK" failures="0" tests="3" name="com.actitime.testscripts.Demo1" time="0.013" errors="0" timestamp="2022-04-15T17:22:35 IST" skipped="0">
  <testcase classname="com.actitime.testscripts.Demo1" name="testDemo1" time="0.002"/>
  <system-out>
    <![CDATA[Welcome]]>
  </system-out>
  <testcase classname="com.actitime.testscripts.Demo1" name="testRiya" time="0.002"/>
  <system-out>
    <![CDATA[Paj]]>
  </system-out>
  <testcase classname="com.actitime.testscripts.Demo1" name="Vivek" time="0.009"/>
  <system-out>
    <![CDATA[Riya]]>
  </system-out>
</testsuite> <!-- com.actitime.testscripts.Demo1 -->
