<?xml version="1.0" encoding="UTF-8"?>
<!-- Generated by org.testng.reporters.JUnitReportReporter -->
<testsuite hostname="VIVEK" failures="0" tests="1" name="com.actitme.pom.ValidLoginPom1" time="8.923" errors="0" timestamp="2022-04-22T22:26:04 IST" skipped="0">
  <testcase classname="com.actitme.pom.ValidLoginPom1" name="testValidLoginPom" time="8.923"/>
  <system-out/>
</testsuite> <!-- com.actitme.pom.ValidLoginPom1 -->
