<?xml version="1.0" encoding="UTF-8"?>
<!-- Generated by org.testng.reporters.JUnitReportReporter -->
<testsuite hostname="VIVEK" failures="0" tests="3" name="com.actitime.testscripts.GrpExeCustomerModule" time="0.004" errors="0" timestamp="2022-04-15T22:08:46 IST" skipped="0">
  <testcase classname="com.actitime.testscripts.GrpExeCustomerModule" name="deleteCustomer" time="0.002"/>
  <system-out>
    <![CDATA[deleteCustomer]]>
  </system-out>
  <testcase classname="com.actitime.testscripts.GrpExeCustomerModule" name="modifyCustomer" time="0.001"/>
  <system-out>
    <![CDATA[modifyCustomer]]>
  </system-out>
  <testcase classname="com.actitime.testscripts.GrpExeCustomerModule" name="createCustomer" time="0.001"/>
  <system-out>
    <![CDATA[CreateCustomer]]>
  </system-out>
</testsuite> <!-- com.actitime.testscripts.GrpExeCustomerModule -->
