<?xml version="1.0" encoding="UTF-8"?>
<!-- Generated by org.testng.reporters.JUnitReportReporter -->
<testsuite hostname="VIVEK" failures="0" tests="3" name="com.actitime.testscripts.TaskModule" time="0.014" errors="0" timestamp="2022-04-15T16:41:21 IST" skipped="0">
  <testcase classname="com.actitime.testscripts.TaskModule" name="createTask" time="0.011"/>
  <system-out>
    <![CDATA[CreateTask]]>
  </system-out>
  <testcase classname="com.actitime.testscripts.TaskModule" name="modifyTask" time="0.001"/>
  <system-out>
    <![CDATA[modifyTask]]>
  </system-out>
  <testcase classname="com.actitime.testscripts.TaskModule" name="deleteTask" time="0.002"/>
  <system-out>
    <![CDATA[deleteTask]]>
  </system-out>
</testsuite> <!-- com.actitime.testscripts.TaskModule -->
