<?xml version="1.0" encoding="UTF-8"?>
<!-- Generated by org.testng.reporters.JUnitReportReporter -->
<testsuite hostname="VIVEK" failures="0" tests="3" name="com.actitime.testscripts.GrpExeTaskModule" time="0.020" errors="0" timestamp="2022-04-15T22:08:46 IST" skipped="0">
  <testcase classname="com.actitime.testscripts.GrpExeTaskModule" name="createTask" time="0.014"/>
  <system-out>
    <![CDATA[CreateTask]]>
  </system-out>
  <testcase classname="com.actitime.testscripts.GrpExeTaskModule" name="modifyTask" time="0.003"/>
  <system-out>
    <![CDATA[modifyTask]]>
  </system-out>
  <testcase classname="com.actitime.testscripts.GrpExeTaskModule" name="deleteTask" time="0.003"/>
  <system-out>
    <![CDATA[deleteTask]]>
  </system-out>
</testsuite> <!-- com.actitime.testscripts.GrpExeTaskModule -->
